<testsuites name="jest tests" tests="3" failures="0" time="4.744">
  <testsuite name="Display" errors="0" failures="0" skipped="0" timestamp="2018-09-12T17:25:47" time="2.948" tests="3">
    <testcase classname="Display should display text on click" name="Display should display text on click" time="0.153">
    </testcase>
    <testcase classname="Display title is button" name="Display title is button" time="0.022">
    </testcase>
    <testcase classname="Display GitHub link" name="Display GitHub link" time="0.003">
    </testcase>
  </testsuite>
</testsuites>